Drill report for /Users/jna/Dropbox/GameshowV2/GameshowV2.kicad_pcb
Created on Wednesday, March 29, 2017 'PMt' 08:23:48 PM

Copper Layer Stackup:
    =============================================================
    L1 :  F.Cu                      front
    L2 :  B.Cu                      back


Drill file 'GameshowV2.drl' contains
    plated through holes:
    =============================================================
    T1  0.40mm  0.016"  (7 holes)
    T2  0.80mm  0.031"  (8 holes)
    T3  1.02mm  0.040"  (40 holes)
    T4  1.20mm  0.047"  (8 holes)
    T5  1.60mm  0.063"  (16 holes)

    Total plated holes count 79


Not plated through holes are merged with plated holes
    unplated through holes:
    =============================================================
    T6  2.70mm  0.106"  (8 holes)

    Total unplated holes count 8
